SF:lib\src\widgets\generic_token_state_builder.dart
DA:20,0
DA:36,0
DA:38,0
DA:39,0
DA:40,0
DA:41,0
DA:42,0
DA:43,0
DA:45,0
DA:46,0
DA:48,0
DA:58,0
DA:78,0
DA:80,0
DA:81,0
DA:82,0
DA:83,0
DA:84,0
DA:85,0
DA:87,0
DA:88,0
DA:90,0
DA:91,0
DA:93,0
DA:103,0
DA:127,0
DA:129,0
DA:130,0
DA:131,0
DA:132,0
DA:133,0
DA:134,0
DA:136,0
DA:137,0
DA:139,0
DA:140,0
DA:142,0
DA:143,0
DA:145,0
DA:155,0
DA:183,0
DA:185,0
DA:186,0
DA:187,0
DA:188,0
DA:189,0
DA:190,0
DA:192,0
DA:193,0
DA:195,0
DA:196,0
DA:198,0
DA:199,0
DA:201,0
DA:202,0
DA:205,0
DA:214,0
LF:57
LH:0
end_of_record
SF:lib\src\widgets\single_token_state_builder.dart
DA:19,1
DA:44,1
DA:46,1
DA:55,1
DA:57,1
DA:58,3
DA:59,5
DA:62,1
DA:64,2
DA:65,1
DA:68,1
DA:69,4
DA:70,2
DA:71,1
DA:74,1
DA:77,1
DA:79,1
DA:80,2
DA:81,4
LF:19
LH:19
end_of_record
SF:lib\src\widgets\token_effect_listener.dart
DA:16,1
DA:36,1
DA:37,1
DA:44,1
DA:46,5
DA:47,1
DA:50,1
DA:52,2
DA:53,1
DA:56,1
DA:57,4
DA:58,3
DA:60,1
DA:63,1
DA:64,2
LF:15
LH:15
end_of_record
