SF:lib\src\widgets\generic_token_state_builder.dart
DA:20,1
DA:36,1
DA:38,1
DA:39,1
DA:40,1
DA:41,1
DA:42,1
DA:43,2
DA:45,1
DA:46,2
DA:48,1
DA:58,1
DA:78,1
DA:80,1
DA:81,1
DA:82,1
DA:83,1
DA:84,1
DA:85,2
DA:87,1
DA:88,2
DA:90,1
DA:91,2
DA:93,1
DA:103,1
DA:127,1
DA:129,1
DA:130,1
DA:131,1
DA:132,1
DA:133,1
DA:134,2
DA:136,1
DA:137,2
DA:139,1
DA:140,2
DA:142,1
DA:143,2
DA:145,1
DA:155,1
DA:183,1
DA:185,1
DA:186,1
DA:187,1
DA:188,1
DA:189,1
DA:190,2
DA:192,1
DA:193,2
DA:195,1
DA:196,2
DA:198,1
DA:199,2
DA:201,1
DA:202,2
DA:205,1
DA:214,1
LF:57
LH:57
end_of_record
SF:lib\src\widgets\single_token_state_builder.dart
DA:19,1
DA:44,1
DA:46,1
DA:55,1
DA:57,1
DA:58,3
DA:59,5
DA:62,1
DA:64,2
DA:65,1
DA:68,1
DA:69,4
DA:70,2
DA:71,1
DA:74,1
DA:77,1
DA:79,1
DA:80,2
DA:81,4
LF:19
LH:19
end_of_record
SF:lib\src\widgets\token_effect_listener.dart
DA:16,1
DA:36,1
DA:37,1
DA:44,1
DA:46,5
DA:47,1
DA:50,1
DA:52,2
DA:53,1
DA:56,1
DA:57,4
DA:58,3
DA:60,1
DA:63,1
DA:64,2
LF:15
LH:15
end_of_record
