SF:lib\src\token_subject.dart
DA:10,2
DA:12,4
DA:17,3
DA:20,1
DA:21,2
DA:38,2
DA:42,2
DA:43,2
DA:51,1
DA:52,2
DA:69,2
DA:75,2
DA:77,4
DA:96,1
DA:103,1
DA:108,1
DA:111,1
DA:112,2
DA:148,2
DA:152,2
DA:153,2
DA:161,2
DA:166,2
DA:167,2
DA:175,4
DA:213,2
DA:217,2
DA:218,2
DA:231,2
DA:232,4
DA:236,2
DA:237,4
DA:240,1
DA:241,2
DA:244,1
DA:246,2
DA:255,2
DA:257,4
LF:38
LH:38
end_of_record
SF:lib\src\token_bloc.dart
DA:53,1
DA:63,1
DA:69,2
DA:74,1
DA:83,1
DA:85,2
DA:93,1
DA:96,1
DA:101,1
DA:104,1
DA:108,1
DA:111,1
DA:115,1
DA:118,1
DA:122,1
DA:125,1
DA:129,1
DA:131,2
DA:132,1
DA:134,2
LF:20
LH:20
end_of_record
