SF:lib\src\token_subject.dart
DA:10,2
DA:12,4
DA:17,3
DA:20,1
DA:21,2
DA:38,2
DA:42,2
DA:43,2
DA:51,1
DA:52,2
DA:69,2
DA:75,2
DA:77,4
DA:96,1
DA:103,1
DA:108,1
DA:111,1
DA:112,2
DA:149,2
DA:153,2
DA:154,2
DA:162,2
DA:167,2
DA:168,2
DA:176,4
DA:215,2
DA:219,2
DA:220,2
DA:233,2
DA:234,4
DA:238,2
DA:239,4
DA:242,1
DA:243,2
DA:246,1
DA:248,2
DA:257,2
DA:259,4
LF:38
LH:38
end_of_record
SF:lib\src\token_bloc.dart
DA:53,1
DA:63,1
DA:69,2
DA:74,1
DA:83,1
DA:85,2
DA:93,1
DA:96,1
DA:97,1
DA:106,1
DA:109,1
DA:110,1
DA:118,1
DA:121,1
DA:122,1
DA:130,1
DA:133,1
DA:134,1
DA:142,1
DA:145,1
DA:146,1
DA:149,1
DA:150,3
DA:151,1
DA:159,1
DA:161,2
DA:162,1
DA:164,2
LF:28
LH:28
end_of_record
